<!DOCTYPE html PUBLIC "-//W3C//DTD XHTML 1.1//EN" "https://www.w3.org/TR/xhtml11/DTD/xhtml11.dtd">
<html xmlns="https://www.w3.org/1999/xhtml">
<head>
<meta http-equiv="content-type" content="text/html; charset=UTF-8"/>
<title>TestNG Report</title>
<style type="text/css">table {margin-bottom:10px;border-collapse:collapse;empty-cells:show}th,td {border:1px solid #009;padding:.25em .5em}th {vertical-align:bottom}td {vertical-align:top}table a {font-weight:bold}.stripe td {background-color: #E6EBF9}.num {text-align:right}.passedodd td {background-color: #3F3}.passedeven td {background-color: #0A0}.skippedodd td {background-color: #DDD}.skippedeven td {background-color: #CCC}.failedodd td,.attn {background-color: #F33}.failedeven td,.stripe .attn {background-color: #D00}.stacktrace {white-space:pre;font-family:monospace}.totop {font-size:85%;text-align:center;border-bottom:2px solid #000}.invisible {display:none}</style>
</head>
<body>
<table>
<tr><th>Test</th><th># Passed</th><th># Skipped</th><th># Retried</th><th># Failed</th><th>Time (ms)</th><th>Included Groups</th><th>Excluded Groups</th></tr>
<tr><th colspan="8">Surefire suite</th></tr>
<tr><td><a href="#t0">Surefire test</a></td><td class="num">25</td><td class="num">0</td><td class="num">0</td><td class="num attn">3</td><td class="num">235,978</td><td></td><td></td></tr>
</table>
<table id='summary'><thead><tr><th>Class</th><th>Method</th><th>Start</th><th>Time (ms)</th></tr></thead><tbody><tr><th colspan="4">Surefire suite</th></tr></tbody><tbody id="t0"><tr><th colspan="4">Surefire test &#8212; failed</th></tr><tr class="failedeven"><td rowspan="1">disappearingElements.DisappearingElementsTests</td><td><a href="#m0">testDisappearingAndReappearingElements</a></td><td rowspan="1">1722756326745</td><td rowspan="1">11796</td></tr><tr class="failedodd"><td rowspan="1">forgotpassword.ForgotPasswordTests</td><td><a href="#m1">testForgotPassword</a></td><td rowspan="1">1722756358651</td><td rowspan="1">1705</td></tr><tr class="failedeven"><td rowspan="1">frames.FrameTests</td><td><a href="#m2">testSwitchingToIFrame</a></td><td rowspan="1">1722756365583</td><td rowspan="1">2575</td></tr><tr><th colspan="4">Surefire test &#8212; passed</th></tr><tr class="passedeven"><td rowspan="1">DragAndDropElements.DragAndDropTests</td><td><a href="#m3">testDragAndDropOfElements</a></td><td rowspan="1">1722756345121</td><td rowspan="1">1156</td></tr><tr class="passedodd"><td rowspan="2">JavaScript.JavaScriptTests</td><td><a href="#m4">testParagraphScrolls</a></td><td rowspan="1">1722756386528</td><td rowspan="1">1986</td></tr><tr class="passedodd"><td><a href="#m5">testScrollToTable</a></td><td rowspan="1">1722756389139</td><td rowspan="1">760</td></tr><tr class="passedeven"><td rowspan="2">Navigation.NavigationTests</td><td><a href="#m6">testBrowserNavigations</a></td><td rowspan="1">1722756408102</td><td rowspan="1">3285</td></tr><tr class="passedeven"><td><a href="#m7">testSwtichingWindows</a></td><td rowspan="1">1722756411825</td><td rowspan="1">953</td></tr><tr class="passedodd"><td rowspan="1">Navigation.WindowTests</td><td><a href="#m8">testWindowTabs</a></td><td rowspan="1">1722756417798</td><td rowspan="1">1539</td></tr><tr class="passedeven"><td rowspan="1">addremoveelement.AddRemoveElementTests</td><td><a href="#m9">testAddingRemovingElements</a></td><td rowspan="1">1722756215399</td><td rowspan="1">668</td></tr><tr class="passedodd"><td rowspan="3">alerts.AletsTests</td><td><a href="#m10">testAcceptAlert</a></td><td rowspan="1">1722756221261</td><td rowspan="1">591</td></tr><tr class="passedodd"><td><a href="#m11">testDismissAlert</a></td><td rowspan="1">1722756222794</td><td rowspan="1">545</td></tr><tr class="passedodd"><td><a href="#m12">testEnterTextIntoAlert</a></td><td rowspan="1">1722756223729</td><td rowspan="1">603</td></tr><tr class="passedeven"><td rowspan="1">alerts.ContextMenuTests</td><td><a href="#m13">testContextMenuClick</a></td><td rowspan="1">1722756229393</td><td rowspan="1">737</td></tr><tr class="passedodd"><td rowspan="1">alerts.FileUploadTests</td><td><a href="#m14">testFileUpload</a></td><td rowspan="1">1722756235094</td><td rowspan="1">68181</td></tr><tr class="passedeven"><td rowspan="1">brokenImages.BrokenImagesTests</td><td><a href="#m15">testBrokenImagesPresent</a></td><td rowspan="1">1722756309415</td><td rowspan="1">5815</td></tr><tr class="passedodd"><td rowspan="2">checkboxes.CheckboxesTests</td><td><a href="#m16">testClickingCheckboxes</a></td><td rowspan="1">1722756319809</td><td rowspan="1">619</td></tr><tr class="passedodd"><td><a href="#m17">testCurrentCheckboxesState</a></td><td rowspan="1">1722756320820</td><td rowspan="1">1046</td></tr><tr class="passedeven"><td rowspan="2">dropdown.DropDownTests</td><td><a href="#m18">testMultipleSelectionFromDropDown</a></td><td rowspan="1">1722756351247</td><td rowspan="1">832</td></tr><tr class="passedeven"><td><a href="#m19">testSelectOption</a></td><td rowspan="1">1722756353058</td><td rowspan="1">634</td></tr><tr class="passedodd"><td rowspan="1">frames.NestedFramesTests</td><td><a href="#m20">testNestedFrames</a></td><td rowspan="1">1722756373426</td><td rowspan="1">2111</td></tr><tr class="passedeven"><td rowspan="1">hovers.HoversTests</td><td><a href="#m21">testHoverUser1</a></td><td rowspan="1">1722756380458</td><td rowspan="1">936</td></tr><tr class="passedodd"><td rowspan="2">keys.KeysTests</td><td><a href="#m22">testBackspace</a></td><td rowspan="1">1722756394732</td><td rowspan="1">618</td></tr><tr class="passedodd"><td><a href="#m23">testPi</a></td><td rowspan="1">1722756395701</td><td rowspan="1">517</td></tr><tr class="passedeven"><td rowspan="1">login.LoginTests</td><td><a href="#m24">testSuccessfulLogin</a></td><td rowspan="1">1722756401112</td><td rowspan="1">2024</td></tr><tr class="passedodd"><td rowspan="1">slider.SliderTests</td><td><a href="#m25">dragSliderToRight</a></td><td rowspan="1">1722756424279</td><td rowspan="1">1158</td></tr><tr class="passedeven"><td rowspan="2">wait.DynamicLoadingTests</td><td><a href="#m26">testDynamicLoadingOnceElementIsVisible</a></td><td rowspan="1">1722756430520</td><td rowspan="1">6710</td></tr><tr class="passedeven"><td><a href="#m27">testDynamicLoadingWait</a></td><td rowspan="1">1722756437571</td><td rowspan="1">6142</td></tr></tbody>
</table>
<h2>Surefire test</h2><h3 id="m0">disappearingElements.DisappearingElementsTests#testDisappearingAndReappearingElements</h3><table class="result"><tr><th>Exception</th></tr><tr><td><div class="stacktrace">org.openqa.selenium.TimeoutException: Expected condition failed: waiting for element to no longer be visible: By.cssSelector: a[href=&apos;/gallery/&apos;] (tried for 10 second(s) with 500 milliseconds interval)
Build info: version: &apos;4.22.0&apos;, revision: &apos;c5f3146703*&apos;
System info: os.name: &apos;Windows 11&apos;, os.arch: &apos;amd64&apos;, os.version: &apos;10.0&apos;, java.version: &apos;21.0.3&apos;
Driver info: org.openqa.selenium.chrome.ChromeDriver
Capabilities {acceptInsecureCerts: false, browserName: chrome, browserVersion: 127.0.6533.89, chrome: {chromedriverVersion: 127.0.6533.88 (a2d0cb026721..., userDataDir: C:\Users\ashis\AppData\Loca...}, fedcm:accounts: true, goog:chromeOptions: {debuggerAddress: localhost:55213}, networkConnectionEnabled: false, pageLoadStrategy: normal, platformName: windows, proxy: Proxy(), se:cdp: ws://localhost:55213/devtoo..., se:cdpVersion: 127.0.6533.89, setWindowRect: true, strictFileInteractability: false, timeouts: {implicit: 0, pageLoad: 300000, script: 30000}, unhandledPromptBehavior: dismiss and notify, webauthn:extension:credBlob: true, webauthn:extension:largeBlob: true, webauthn:extension:minPinLength: true, webauthn:extension:prf: true, webauthn:virtualAuthenticators: true}
Session ID: 4b7d0444e5f9f4b4f8882f6a1d096d01
	at org.openqa.selenium.support.ui.WebDriverWait.timeoutException(WebDriverWait.java:84)
	at org.openqa.selenium.support.ui.FluentWait.until(FluentWait.java:228)
	at pages.DisappearingElementsPage.waitForGalleryElementToDisappear(DisappearingElementsPage.java:38)
	at disappearingElements.DisappearingElementsTests.testDisappearingAndReappearingElements(DisappearingElementsTests.java:16)
	at java.base/java.util.ArrayList.forEach(ArrayList.java:1596)
... Removed 30 stack frames</div></td></tr></table><p class="totop"><a href="#summary">back to summary</a></p>
<h3 id="m1">forgotpassword.ForgotPasswordTests#testForgotPassword</h3><table class="result"><tr><th>Exception</th></tr><tr><td><div class="stacktrace">org.openqa.selenium.NoSuchElementException: no such element: Unable to locate element: {&quot;method&quot;:&quot;css selector&quot;,&quot;selector&quot;:&quot;#content&quot;}
  (Session info: chrome=127.0.6533.89)
For documentation on this error, please visit: https://www.selenium.dev/documentation/webdriver/troubleshooting/errors#no-such-element-exception
Build info: version: &apos;4.22.0&apos;, revision: &apos;c5f3146703*&apos;
System info: os.name: &apos;Windows 11&apos;, os.arch: &apos;amd64&apos;, os.version: &apos;10.0&apos;, java.version: &apos;21.0.3&apos;
Driver info: org.openqa.selenium.chrome.ChromeDriver
Command: [35060e17b9a817a170991a9f8c89cf17, findElement {using=id, value=content}]
Capabilities {acceptInsecureCerts: false, browserName: chrome, browserVersion: 127.0.6533.89, chrome: {chromedriverVersion: 127.0.6533.88 (a2d0cb026721..., userDataDir: C:\Users\ashis\AppData\Loca...}, fedcm:accounts: true, goog:chromeOptions: {debuggerAddress: localhost:55292}, networkConnectionEnabled: false, pageLoadStrategy: normal, platformName: windows, proxy: Proxy(), se:cdp: ws://localhost:55292/devtoo..., se:cdpVersion: 127.0.6533.89, setWindowRect: true, strictFileInteractability: false, timeouts: {implicit: 0, pageLoad: 300000, script: 30000}, unhandledPromptBehavior: dismiss and notify, webauthn:extension:credBlob: true, webauthn:extension:largeBlob: true, webauthn:extension:minPinLength: true, webauthn:extension:prf: true, webauthn:virtualAuthenticators: true}
Session ID: 35060e17b9a817a170991a9f8c89cf17
	at org.openqa.selenium.remote.ErrorCodec.decode(ErrorCodec.java:167)
	at org.openqa.selenium.remote.codec.w3c.W3CHttpResponseCodec.decode(W3CHttpResponseCodec.java:138)
	at org.openqa.selenium.remote.codec.w3c.W3CHttpResponseCodec.decode(W3CHttpResponseCodec.java:50)
	at org.openqa.selenium.remote.HttpCommandExecutor.execute(HttpCommandExecutor.java:190)
	at org.openqa.selenium.remote.service.DriverCommandExecutor.invokeExecute(DriverCommandExecutor.java:216)
	at org.openqa.selenium.remote.service.DriverCommandExecutor.execute(DriverCommandExecutor.java:174)
	at org.openqa.selenium.remote.RemoteWebDriver.execute(RemoteWebDriver.java:518)
	at org.openqa.selenium.remote.ElementLocation$ElementFinder$2.findElement(ElementLocation.java:165)
	at org.openqa.selenium.remote.ElementLocation.findElement(ElementLocation.java:59)
	at org.openqa.selenium.remote.RemoteWebDriver.findElement(RemoteWebDriver.java:355)
	at org.openqa.selenium.remote.RemoteWebDriver.findElement(RemoteWebDriver.java:349)
	at pages.EmailSentPage.getConfirmationMessage(EmailSentPage.java:16)
	at forgotpassword.ForgotPasswordTests.testForgotPassword(ForgotPasswordTests.java:16)
	at java.base/java.util.ArrayList.forEach(ArrayList.java:1596)
... Removed 33 stack frames</div></td></tr></table><p class="totop"><a href="#summary">back to summary</a></p>
<h3 id="m2">frames.FrameTests#testSwitchingToIFrame</h3><table class="result"><tr><th>Exception</th></tr><tr><td><div class="stacktrace">org.openqa.selenium.InvalidElementStateException: invalid element state
  (Session info: chrome=127.0.6533.89)
Build info: version: &apos;4.22.0&apos;, revision: &apos;c5f3146703*&apos;
System info: os.name: &apos;Windows 11&apos;, os.arch: &apos;amd64&apos;, os.version: &apos;10.0&apos;, java.version: &apos;21.0.3&apos;
Driver info: org.openqa.selenium.chrome.ChromeDriver
Command: [c9b1a18898f96f1e1ce3a6dd4af43f24, clearElement {id=f.8EEA6A594760143F1E0CFEE1C479650B.d.E5C7F68BA0BD20DCDF88341451D1DA3D.e.28}]
Capabilities {acceptInsecureCerts: false, browserName: chrome, browserVersion: 127.0.6533.89, chrome: {chromedriverVersion: 127.0.6533.88 (a2d0cb026721..., userDataDir: C:\Users\ashis\AppData\Loca...}, fedcm:accounts: true, goog:chromeOptions: {debuggerAddress: localhost:55321}, networkConnectionEnabled: false, pageLoadStrategy: normal, platformName: windows, proxy: Proxy(), se:cdp: ws://localhost:55321/devtoo..., se:cdpVersion: 127.0.6533.89, setWindowRect: true, strictFileInteractability: false, timeouts: {implicit: 0, pageLoad: 300000, script: 30000}, unhandledPromptBehavior: dismiss and notify, webauthn:extension:credBlob: true, webauthn:extension:largeBlob: true, webauthn:extension:minPinLength: true, webauthn:extension:prf: true, webauthn:virtualAuthenticators: true}
Element: [[ChromeDriver: chrome on windows (c9b1a18898f96f1e1ce3a6dd4af43f24)] -&gt; id: tinymce]
Session ID: c9b1a18898f96f1e1ce3a6dd4af43f24
	at org.openqa.selenium.remote.ErrorCodec.decode(ErrorCodec.java:167)
	at org.openqa.selenium.remote.codec.w3c.W3CHttpResponseCodec.decode(W3CHttpResponseCodec.java:138)
	at org.openqa.selenium.remote.codec.w3c.W3CHttpResponseCodec.decode(W3CHttpResponseCodec.java:50)
	at org.openqa.selenium.remote.HttpCommandExecutor.execute(HttpCommandExecutor.java:190)
	at org.openqa.selenium.remote.service.DriverCommandExecutor.invokeExecute(DriverCommandExecutor.java:216)
	at org.openqa.selenium.remote.service.DriverCommandExecutor.execute(DriverCommandExecutor.java:174)
	at org.openqa.selenium.remote.RemoteWebDriver.execute(RemoteWebDriver.java:518)
	at org.openqa.selenium.remote.RemoteWebElement.execute(RemoteWebElement.java:223)
	at org.openqa.selenium.remote.RemoteWebElement.clear(RemoteWebElement.java:129)
	at pages.WysiwygEditorPage.clearTextArea(WysiwygEditorPage.java:24)
	at frames.FrameTests.testSwitchingToIFrame(FrameTests.java:12)
	at java.base/java.util.ArrayList.forEach(ArrayList.java:1596)
... Removed 33 stack frames</div></td></tr></table><p class="totop"><a href="#summary">back to summary</a></p>
<h3 id="m3">DragAndDropElements.DragAndDropTests#testDragAndDropOfElements</h3><table class="result"><tr><th class="invisible"/></tr></table><p class="totop"><a href="#summary">back to summary</a></p>
<h3 id="m4">JavaScript.JavaScriptTests#testParagraphScrolls</h3><table class="result"><tr><th class="invisible"/></tr></table><p class="totop"><a href="#summary">back to summary</a></p>
<h3 id="m5">JavaScript.JavaScriptTests#testScrollToTable</h3><table class="result"><tr><th class="invisible"/></tr></table><p class="totop"><a href="#summary">back to summary</a></p>
<h3 id="m6">Navigation.NavigationTests#testBrowserNavigations</h3><table class="result"><tr><th class="invisible"/></tr></table><p class="totop"><a href="#summary">back to summary</a></p>
<h3 id="m7">Navigation.NavigationTests#testSwtichingWindows</h3><table class="result"><tr><th class="invisible"/></tr></table><p class="totop"><a href="#summary">back to summary</a></p>
<h3 id="m8">Navigation.WindowTests#testWindowTabs</h3><table class="result"><tr><th class="invisible"/></tr></table><p class="totop"><a href="#summary">back to summary</a></p>
<h3 id="m9">addremoveelement.AddRemoveElementTests#testAddingRemovingElements</h3><table class="result"><tr><th class="invisible"/></tr></table><p class="totop"><a href="#summary">back to summary</a></p>
<h3 id="m10">alerts.AletsTests#testAcceptAlert</h3><table class="result"><tr><th class="invisible"/></tr></table><p class="totop"><a href="#summary">back to summary</a></p>
<h3 id="m11">alerts.AletsTests#testDismissAlert</h3><table class="result"><tr><th class="invisible"/></tr></table><p class="totop"><a href="#summary">back to summary</a></p>
<h3 id="m12">alerts.AletsTests#testEnterTextIntoAlert</h3><table class="result"><tr><th class="invisible"/></tr></table><p class="totop"><a href="#summary">back to summary</a></p>
<h3 id="m13">alerts.ContextMenuTests#testContextMenuClick</h3><table class="result"><tr><th class="invisible"/></tr></table><p class="totop"><a href="#summary">back to summary</a></p>
<h3 id="m14">alerts.FileUploadTests#testFileUpload</h3><table class="result"><tr><th class="invisible"/></tr></table><p class="totop"><a href="#summary">back to summary</a></p>
<h3 id="m15">brokenImages.BrokenImagesTests#testBrokenImagesPresent</h3><table class="result"><tr><th class="invisible"/></tr></table><p class="totop"><a href="#summary">back to summary</a></p>
<h3 id="m16">checkboxes.CheckboxesTests#testClickingCheckboxes</h3><table class="result"><tr><th class="invisible"/></tr></table><p class="totop"><a href="#summary">back to summary</a></p>
<h3 id="m17">checkboxes.CheckboxesTests#testCurrentCheckboxesState</h3><table class="result"><tr><th class="invisible"/></tr></table><p class="totop"><a href="#summary">back to summary</a></p>
<h3 id="m18">dropdown.DropDownTests#testMultipleSelectionFromDropDown</h3><table class="result"><tr><th class="invisible"/></tr></table><p class="totop"><a href="#summary">back to summary</a></p>
<h3 id="m19">dropdown.DropDownTests#testSelectOption</h3><table class="result"><tr><th class="invisible"/></tr></table><p class="totop"><a href="#summary">back to summary</a></p>
<h3 id="m20">frames.NestedFramesTests#testNestedFrames</h3><table class="result"><tr><th class="invisible"/></tr></table><p class="totop"><a href="#summary">back to summary</a></p>
<h3 id="m21">hovers.HoversTests#testHoverUser1</h3><table class="result"><tr><th class="invisible"/></tr></table><p class="totop"><a href="#summary">back to summary</a></p>
<h3 id="m22">keys.KeysTests#testBackspace</h3><table class="result"><tr><th class="invisible"/></tr></table><p class="totop"><a href="#summary">back to summary</a></p>
<h3 id="m23">keys.KeysTests#testPi</h3><table class="result"><tr><th class="invisible"/></tr></table><p class="totop"><a href="#summary">back to summary</a></p>
<h3 id="m24">login.LoginTests#testSuccessfulLogin</h3><table class="result"><tr><th class="invisible"/></tr></table><p class="totop"><a href="#summary">back to summary</a></p>
<h3 id="m25">slider.SliderTests#dragSliderToRight</h3><table class="result"><tr><th class="invisible"/></tr></table><p class="totop"><a href="#summary">back to summary</a></p>
<h3 id="m26">wait.DynamicLoadingTests#testDynamicLoadingOnceElementIsVisible</h3><table class="result"><tr><th class="invisible"/></tr></table><p class="totop"><a href="#summary">back to summary</a></p>
<h3 id="m27">wait.DynamicLoadingTests#testDynamicLoadingWait</h3><table class="result"><tr><th class="invisible"/></tr></table><p class="totop"><a href="#summary">back to summary</a></p>
</body>
</html>
