<!DOCTYPE html>

<html>
  <head>
  <meta charset='utf-8'>
  <title>TestNG reports</title>

    <link type="text/css" href="testng-reports1.css" rel="stylesheet" id="ultra" />
    <link type="text/css" href="testng-reports.css" rel="stylesheet" id="retro" disabled="false"/>
    <script type="text/javascript" src="jquery-3.6.0.min.js"></script>
    <script type="text/javascript" src="testng-reports.js"></script>
    <script type="text/javascript" src="https://www.google.com/jsapi"></script>
    <script type='text/javascript'>
      google.load('visualization', '1', {packages:['table']});
      google.setOnLoadCallback(drawTable);
      var suiteTableInitFunctions = new Array();
      var suiteTableData = new Array();
    </script>
    <!--
      <script type="text/javascript" src="jquery-ui/js/jquery-ui-1.8.16.custom.min.js"></script>
     -->
  </head>

  <body>    <div class="top-banner-root">
      <span class="top-banner-title-font">Test results</span>
      <button id="button" class="button">Switch Retro Theme</button> <!-- button -->
      <br/>
      <span class="top-banner-font-1">1 suite, 3 failed tests</span>
    </div> <!-- top-banner-root -->
    <div class="navigator-root">
      <div class="navigator-suite-header">
        <span>All suites</span>
        <a href="#" title="Collapse/expand all the suites" class="collapse-all-link">
          <img src="collapseall.gif" class="collapse-all-icon">
          </img> <!-- collapse-all-icon -->
        </a> <!-- collapse-all-link -->
      </div> <!-- navigator-suite-header -->
      <div class="suite">
        <div class="rounded-window">
          <div class="suite-header light-rounded-window-top">
            <a href="#" panel-name="suite-Surefire_suite" class="navigator-link">
              <span class="suite-name border-failed">Surefire suite</span>
            </a> <!-- navigator-link -->
          </div> <!-- suite-header light-rounded-window-top -->
          <div class="navigator-suite-content">
            <div class="suite-section-title">
              <span>Info</span>
            </div> <!-- suite-section-title -->
            <div class="suite-section-content">
              <ul>
                <li>
                  <a href="#" panel-name="test-xml-Surefire_suite" class="navigator-link ">
                    <span>[unset file name]</span>
                  </a> <!-- navigator-link  -->
                </li>
                <li>
                  <a href="#" panel-name="testlist-Surefire_suite" class="navigator-link ">
                    <span class="test-stats">1 test</span>
                  </a> <!-- navigator-link  -->
                </li>
                <li>
                  <a href="#" panel-name="group-Surefire_suite" class="navigator-link ">
                    <span>0 groups</span>
                  </a> <!-- navigator-link  -->
                </li>
                <li>
                  <a href="#" panel-name="times-Surefire_suite" class="navigator-link ">
                    <span>Times</span>
                  </a> <!-- navigator-link  -->
                </li>
                <li>
                  <a href="#" panel-name="reporter-Surefire_suite" class="navigator-link ">
                    <span>Reporter output</span>
                  </a> <!-- navigator-link  -->
                </li>
                <li>
                  <a href="#" panel-name="ignored-methods-Surefire_suite" class="navigator-link ">
                    <span>Ignored methods</span>
                  </a> <!-- navigator-link  -->
                </li>
                <li>
                  <a href="#" panel-name="chronological-Surefire_suite" class="navigator-link ">
                    <span>Chronological view</span>
                  </a> <!-- navigator-link  -->
                </li>
              </ul>
            </div> <!-- suite-section-content -->
            <div class="result-section">
              <div class="suite-section-title">
                <span>Results</span>
              </div> <!-- suite-section-title -->
              <div class="suite-section-content">
                <ul>
                  <li>
                    <span class="method-stats">28 methods, 3 failed,   25 passed</span>
                  </li>
                  <li>
                    <span class="method-list-title failed">Failed methods</span>
                    <span class="show-or-hide-methods failed">
                      <a href="#" panel-name="suite-Surefire_suite" class="hide-methods failed suite-Surefire_suite"> (hide)</a> <!-- hide-methods failed suite-Surefire_suite -->
                      <a href="#" panel-name="suite-Surefire_suite" class="show-methods failed suite-Surefire_suite"> (show)</a> <!-- show-methods failed suite-Surefire_suite -->
                    </span>
                    <div class="method-list-content failed suite-Surefire_suite">
                      <span>
                        <img src="failed.png" width="3%"/>
                        <a href="#" panel-name="suite-Surefire_suite" title="disappearingElements.DisappearingElementsTests" class="method navigator-link" hash-for-method="testDisappearingAndReappearingElements">testDisappearingAndReappearingElements</a> <!-- method navigator-link -->
                      </span>
                      <br/>
                      <span>
                        <img src="failed.png" width="3%"/>
                        <a href="#" panel-name="suite-Surefire_suite" title="forgotpassword.ForgotPasswordTests" class="method navigator-link" hash-for-method="testForgotPassword">testForgotPassword</a> <!-- method navigator-link -->
                      </span>
                      <br/>
                      <span>
                        <img src="failed.png" width="3%"/>
                        <a href="#" panel-name="suite-Surefire_suite" title="frames.FrameTests" class="method navigator-link" hash-for-method="testSwitchingToIFrame">testSwitchingToIFrame</a> <!-- method navigator-link -->
                      </span>
                      <br/>
                    </div> <!-- method-list-content failed suite-Surefire_suite -->
                  </li>
                  <li>
                    <span class="method-list-title passed">Passed methods</span>
                    <span class="show-or-hide-methods passed">
                      <a href="#" panel-name="suite-Surefire_suite" class="hide-methods passed suite-Surefire_suite"> (hide)</a> <!-- hide-methods passed suite-Surefire_suite -->
                      <a href="#" panel-name="suite-Surefire_suite" class="show-methods passed suite-Surefire_suite"> (show)</a> <!-- show-methods passed suite-Surefire_suite -->
                    </span>
                    <div class="method-list-content passed suite-Surefire_suite">
                      <span>
                        <img src="passed.png" width="3%"/>
                        <a href="#" panel-name="suite-Surefire_suite" title="slider.SliderTests" class="method navigator-link" hash-for-method="dragSliderToRight">dragSliderToRight</a> <!-- method navigator-link -->
                      </span>
                      <br/>
                      <span>
                        <img src="passed.png" width="3%"/>
                        <a href="#" panel-name="suite-Surefire_suite" title="alerts.AletsTests" class="method navigator-link" hash-for-method="testAcceptAlert">testAcceptAlert</a> <!-- method navigator-link -->
                      </span>
                      <br/>
                      <span>
                        <img src="passed.png" width="3%"/>
                        <a href="#" panel-name="suite-Surefire_suite" title="addremoveelement.AddRemoveElementTests" class="method navigator-link" hash-for-method="testAddingRemovingElements">testAddingRemovingElements</a> <!-- method navigator-link -->
                      </span>
                      <br/>
                      <span>
                        <img src="passed.png" width="3%"/>
                        <a href="#" panel-name="suite-Surefire_suite" title="keys.KeysTests" class="method navigator-link" hash-for-method="testBackspace">testBackspace</a> <!-- method navigator-link -->
                      </span>
                      <br/>
                      <span>
                        <img src="passed.png" width="3%"/>
                        <a href="#" panel-name="suite-Surefire_suite" title="brokenImages.BrokenImagesTests" class="method navigator-link" hash-for-method="testBrokenImagesPresent">testBrokenImagesPresent</a> <!-- method navigator-link -->
                      </span>
                      <br/>
                      <span>
                        <img src="passed.png" width="3%"/>
                        <a href="#" panel-name="suite-Surefire_suite" title="Navigation.NavigationTests" class="method navigator-link" hash-for-method="testBrowserNavigations">testBrowserNavigations</a> <!-- method navigator-link -->
                      </span>
                      <br/>
                      <span>
                        <img src="passed.png" width="3%"/>
                        <a href="#" panel-name="suite-Surefire_suite" title="checkboxes.CheckboxesTests" class="method navigator-link" hash-for-method="testClickingCheckboxes">testClickingCheckboxes</a> <!-- method navigator-link -->
                      </span>
                      <br/>
                      <span>
                        <img src="passed.png" width="3%"/>
                        <a href="#" panel-name="suite-Surefire_suite" title="alerts.ContextMenuTests" class="method navigator-link" hash-for-method="testContextMenuClick">testContextMenuClick</a> <!-- method navigator-link -->
                      </span>
                      <br/>
                      <span>
                        <img src="passed.png" width="3%"/>
                        <a href="#" panel-name="suite-Surefire_suite" title="checkboxes.CheckboxesTests" class="method navigator-link" hash-for-method="testCurrentCheckboxesState">testCurrentCheckboxesState</a> <!-- method navigator-link -->
                      </span>
                      <br/>
                      <span>
                        <img src="passed.png" width="3%"/>
                        <a href="#" panel-name="suite-Surefire_suite" title="alerts.AletsTests" class="method navigator-link" hash-for-method="testDismissAlert">testDismissAlert</a> <!-- method navigator-link -->
                      </span>
                      <br/>
                      <span>
                        <img src="passed.png" width="3%"/>
                        <a href="#" panel-name="suite-Surefire_suite" title="DragAndDropElements.DragAndDropTests" class="method navigator-link" hash-for-method="testDragAndDropOfElements">testDragAndDropOfElements</a> <!-- method navigator-link -->
                      </span>
                      <br/>
                      <span>
                        <img src="passed.png" width="3%"/>
                        <a href="#" panel-name="suite-Surefire_suite" title="wait.DynamicLoadingTests" class="method navigator-link" hash-for-method="testDynamicLoadingOnceElementIsVisible">testDynamicLoadingOnceElementIsVisible</a> <!-- method navigator-link -->
                      </span>
                      <br/>
                      <span>
                        <img src="passed.png" width="3%"/>
                        <a href="#" panel-name="suite-Surefire_suite" title="wait.DynamicLoadingTests" class="method navigator-link" hash-for-method="testDynamicLoadingWait">testDynamicLoadingWait</a> <!-- method navigator-link -->
                      </span>
                      <br/>
                      <span>
                        <img src="passed.png" width="3%"/>
                        <a href="#" panel-name="suite-Surefire_suite" title="alerts.AletsTests" class="method navigator-link" hash-for-method="testEnterTextIntoAlert">testEnterTextIntoAlert</a> <!-- method navigator-link -->
                      </span>
                      <br/>
                      <span>
                        <img src="passed.png" width="3%"/>
                        <a href="#" panel-name="suite-Surefire_suite" title="alerts.FileUploadTests" class="method navigator-link" hash-for-method="testFileUpload">testFileUpload</a> <!-- method navigator-link -->
                      </span>
                      <br/>
                      <span>
                        <img src="passed.png" width="3%"/>
                        <a href="#" panel-name="suite-Surefire_suite" title="hovers.HoversTests" class="method navigator-link" hash-for-method="testHoverUser1">testHoverUser1</a> <!-- method navigator-link -->
                      </span>
                      <br/>
                      <span>
                        <img src="passed.png" width="3%"/>
                        <a href="#" panel-name="suite-Surefire_suite" title="dropdown.DropDownTests" class="method navigator-link" hash-for-method="testMultipleSelectionFromDropDown">testMultipleSelectionFromDropDown</a> <!-- method navigator-link -->
                      </span>
                      <br/>
                      <span>
                        <img src="passed.png" width="3%"/>
                        <a href="#" panel-name="suite-Surefire_suite" title="frames.NestedFramesTests" class="method navigator-link" hash-for-method="testNestedFrames">testNestedFrames</a> <!-- method navigator-link -->
                      </span>
                      <br/>
                      <span>
                        <img src="passed.png" width="3%"/>
                        <a href="#" panel-name="suite-Surefire_suite" title="JavaScript.JavaScriptTests" class="method navigator-link" hash-for-method="testParagraphScrolls">testParagraphScrolls</a> <!-- method navigator-link -->
                      </span>
                      <br/>
                      <span>
                        <img src="passed.png" width="3%"/>
                        <a href="#" panel-name="suite-Surefire_suite" title="keys.KeysTests" class="method navigator-link" hash-for-method="testPi">testPi</a> <!-- method navigator-link -->
                      </span>
                      <br/>
                      <span>
                        <img src="passed.png" width="3%"/>
                        <a href="#" panel-name="suite-Surefire_suite" title="JavaScript.JavaScriptTests" class="method navigator-link" hash-for-method="testScrollToTable">testScrollToTable</a> <!-- method navigator-link -->
                      </span>
                      <br/>
                      <span>
                        <img src="passed.png" width="3%"/>
                        <a href="#" panel-name="suite-Surefire_suite" title="dropdown.DropDownTests" class="method navigator-link" hash-for-method="testSelectOption">testSelectOption</a> <!-- method navigator-link -->
                      </span>
                      <br/>
                      <span>
                        <img src="passed.png" width="3%"/>
                        <a href="#" panel-name="suite-Surefire_suite" title="login.LoginTests" class="method navigator-link" hash-for-method="testSuccessfulLogin">testSuccessfulLogin</a> <!-- method navigator-link -->
                      </span>
                      <br/>
                      <span>
                        <img src="passed.png" width="3%"/>
                        <a href="#" panel-name="suite-Surefire_suite" title="Navigation.NavigationTests" class="method navigator-link" hash-for-method="testSwtichingWindows">testSwtichingWindows</a> <!-- method navigator-link -->
                      </span>
                      <br/>
                      <span>
                        <img src="passed.png" width="3%"/>
                        <a href="#" panel-name="suite-Surefire_suite" title="Navigation.WindowTests" class="method navigator-link" hash-for-method="testWindowTabs">testWindowTabs</a> <!-- method navigator-link -->
                      </span>
                      <br/>
                    </div> <!-- method-list-content passed suite-Surefire_suite -->
                  </li>
                </ul>
              </div> <!-- suite-section-content -->
            </div> <!-- result-section -->
          </div> <!-- navigator-suite-content -->
        </div> <!-- rounded-window -->
      </div> <!-- suite -->
    </div> <!-- navigator-root -->
    <div class="wrapper">
      <div class="main-panel-root">
        <div panel-name="suite-Surefire_suite" class="panel Surefire_suite">
          <div class="suite-Surefire_suite-class-failed">
            <div class="main-panel-header rounded-window-top">
              <img src="failed.png"/>
              <span class="class-name">disappearingElements.DisappearingElementsTests</span>
            </div> <!-- main-panel-header rounded-window-top -->
            <div class="main-panel-content rounded-window-bottom">
              <div class="method">
                <div class="method-content">
                  <a name="testDisappearingAndReappearingElements">
                  </a> <!-- testDisappearingAndReappearingElements -->
                  <span class="method-name">testDisappearingAndReappearingElements</span>
                  <div class="stack-trace">org.openqa.selenium.TimeoutException: Expected condition failed: waiting for element to no longer be visible: By.cssSelector: a[href=&apos;/gallery/&apos;] (tried for 10 second(s) with 500 milliseconds interval)
Build info: version: &apos;4.22.0&apos;, revision: &apos;c5f3146703*&apos;
System info: os.name: &apos;Windows 11&apos;, os.arch: &apos;amd64&apos;, os.version: &apos;10.0&apos;, java.version: &apos;21.0.3&apos;
Driver info: org.openqa.selenium.chrome.ChromeDriver
Capabilities {acceptInsecureCerts: false, browserName: chrome, browserVersion: 127.0.6533.89, chrome: {chromedriverVersion: 127.0.6533.88 (a2d0cb026721..., userDataDir: C:\Users\ashis\AppData\Loca...}, fedcm:accounts: true, goog:chromeOptions: {debuggerAddress: localhost:55213}, networkConnectionEnabled: false, pageLoadStrategy: normal, platformName: windows, proxy: Proxy(), se:cdp: ws://localhost:55213/devtoo..., se:cdpVersion: 127.0.6533.89, setWindowRect: true, strictFileInteractability: false, timeouts: {implicit: 0, pageLoad: 300000, script: 30000}, unhandledPromptBehavior: dismiss and notify, webauthn:extension:credBlob: true, webauthn:extension:largeBlob: true, webauthn:extension:minPinLength: true, webauthn:extension:prf: true, webauthn:virtualAuthenticators: true}
Session ID: 4b7d0444e5f9f4b4f8882f6a1d096d01
	at org.openqa.selenium.support.ui.WebDriverWait.timeoutException(WebDriverWait.java:84)
	at org.openqa.selenium.support.ui.FluentWait.until(FluentWait.java:228)
	at pages.DisappearingElementsPage.waitForGalleryElementToDisappear(DisappearingElementsPage.java:38)
	at disappearingElements.DisappearingElementsTests.testDisappearingAndReappearingElements(DisappearingElementsTests.java:16)
	at java.base/java.util.ArrayList.forEach(ArrayList.java:1596)
... Removed 30 stack frames
</div> <!-- stack-trace -->
                </div> <!-- method-content -->
              </div> <!-- method -->
            </div> <!-- main-panel-content rounded-window-bottom -->
          </div> <!-- suite-Surefire_suite-class-failed -->
          <div class="suite-Surefire_suite-class-failed">
            <div class="main-panel-header rounded-window-top">
              <img src="failed.png"/>
              <span class="class-name">frames.FrameTests</span>
            </div> <!-- main-panel-header rounded-window-top -->
            <div class="main-panel-content rounded-window-bottom">
              <div class="method">
                <div class="method-content">
                  <a name="testSwitchingToIFrame">
                  </a> <!-- testSwitchingToIFrame -->
                  <span class="method-name">testSwitchingToIFrame</span>
                  <div class="stack-trace">org.openqa.selenium.InvalidElementStateException: invalid element state
  (Session info: chrome=127.0.6533.89)
Build info: version: &apos;4.22.0&apos;, revision: &apos;c5f3146703*&apos;
System info: os.name: &apos;Windows 11&apos;, os.arch: &apos;amd64&apos;, os.version: &apos;10.0&apos;, java.version: &apos;21.0.3&apos;
Driver info: org.openqa.selenium.chrome.ChromeDriver
Command: [c9b1a18898f96f1e1ce3a6dd4af43f24, clearElement {id=f.8EEA6A594760143F1E0CFEE1C479650B.d.E5C7F68BA0BD20DCDF88341451D1DA3D.e.28}]
Capabilities {acceptInsecureCerts: false, browserName: chrome, browserVersion: 127.0.6533.89, chrome: {chromedriverVersion: 127.0.6533.88 (a2d0cb026721..., userDataDir: C:\Users\ashis\AppData\Loca...}, fedcm:accounts: true, goog:chromeOptions: {debuggerAddress: localhost:55321}, networkConnectionEnabled: false, pageLoadStrategy: normal, platformName: windows, proxy: Proxy(), se:cdp: ws://localhost:55321/devtoo..., se:cdpVersion: 127.0.6533.89, setWindowRect: true, strictFileInteractability: false, timeouts: {implicit: 0, pageLoad: 300000, script: 30000}, unhandledPromptBehavior: dismiss and notify, webauthn:extension:credBlob: true, webauthn:extension:largeBlob: true, webauthn:extension:minPinLength: true, webauthn:extension:prf: true, webauthn:virtualAuthenticators: true}
Element: [[ChromeDriver: chrome on windows (c9b1a18898f96f1e1ce3a6dd4af43f24)] -&gt; id: tinymce]
Session ID: c9b1a18898f96f1e1ce3a6dd4af43f24
	at org.openqa.selenium.remote.ErrorCodec.decode(ErrorCodec.java:167)
	at org.openqa.selenium.remote.codec.w3c.W3CHttpResponseCodec.decode(W3CHttpResponseCodec.java:138)
	at org.openqa.selenium.remote.codec.w3c.W3CHttpResponseCodec.decode(W3CHttpResponseCodec.java:50)
	at org.openqa.selenium.remote.HttpCommandExecutor.execute(HttpCommandExecutor.java:190)
	at org.openqa.selenium.remote.service.DriverCommandExecutor.invokeExecute(DriverCommandExecutor.java:216)
	at org.openqa.selenium.remote.service.DriverCommandExecutor.execute(DriverCommandExecutor.java:174)
	at org.openqa.selenium.remote.RemoteWebDriver.execute(RemoteWebDriver.java:518)
	at org.openqa.selenium.remote.RemoteWebElement.execute(RemoteWebElement.java:223)
	at org.openqa.selenium.remote.RemoteWebElement.clear(RemoteWebElement.java:129)
	at pages.WysiwygEditorPage.clearTextArea(WysiwygEditorPage.java:24)
	at frames.FrameTests.testSwitchingToIFrame(FrameTests.java:12)
	at java.base/java.util.ArrayList.forEach(ArrayList.java:1596)
... Removed 33 stack frames
</div> <!-- stack-trace -->
                </div> <!-- method-content -->
              </div> <!-- method -->
            </div> <!-- main-panel-content rounded-window-bottom -->
          </div> <!-- suite-Surefire_suite-class-failed -->
          <div class="suite-Surefire_suite-class-failed">
            <div class="main-panel-header rounded-window-top">
              <img src="failed.png"/>
              <span class="class-name">forgotpassword.ForgotPasswordTests</span>
            </div> <!-- main-panel-header rounded-window-top -->
            <div class="main-panel-content rounded-window-bottom">
              <div class="method">
                <div class="method-content">
                  <a name="testForgotPassword">
                  </a> <!-- testForgotPassword -->
                  <span class="method-name">testForgotPassword</span>
                  <div class="stack-trace">org.openqa.selenium.NoSuchElementException: no such element: Unable to locate element: {&quot;method&quot;:&quot;css selector&quot;,&quot;selector&quot;:&quot;#content&quot;}
  (Session info: chrome=127.0.6533.89)
For documentation on this error, please visit: https://www.selenium.dev/documentation/webdriver/troubleshooting/errors#no-such-element-exception
Build info: version: &apos;4.22.0&apos;, revision: &apos;c5f3146703*&apos;
System info: os.name: &apos;Windows 11&apos;, os.arch: &apos;amd64&apos;, os.version: &apos;10.0&apos;, java.version: &apos;21.0.3&apos;
Driver info: org.openqa.selenium.chrome.ChromeDriver
Command: [35060e17b9a817a170991a9f8c89cf17, findElement {using=id, value=content}]
Capabilities {acceptInsecureCerts: false, browserName: chrome, browserVersion: 127.0.6533.89, chrome: {chromedriverVersion: 127.0.6533.88 (a2d0cb026721..., userDataDir: C:\Users\ashis\AppData\Loca...}, fedcm:accounts: true, goog:chromeOptions: {debuggerAddress: localhost:55292}, networkConnectionEnabled: false, pageLoadStrategy: normal, platformName: windows, proxy: Proxy(), se:cdp: ws://localhost:55292/devtoo..., se:cdpVersion: 127.0.6533.89, setWindowRect: true, strictFileInteractability: false, timeouts: {implicit: 0, pageLoad: 300000, script: 30000}, unhandledPromptBehavior: dismiss and notify, webauthn:extension:credBlob: true, webauthn:extension:largeBlob: true, webauthn:extension:minPinLength: true, webauthn:extension:prf: true, webauthn:virtualAuthenticators: true}
Session ID: 35060e17b9a817a170991a9f8c89cf17
	at org.openqa.selenium.remote.ErrorCodec.decode(ErrorCodec.java:167)
	at org.openqa.selenium.remote.codec.w3c.W3CHttpResponseCodec.decode(W3CHttpResponseCodec.java:138)
	at org.openqa.selenium.remote.codec.w3c.W3CHttpResponseCodec.decode(W3CHttpResponseCodec.java:50)
	at org.openqa.selenium.remote.HttpCommandExecutor.execute(HttpCommandExecutor.java:190)
	at org.openqa.selenium.remote.service.DriverCommandExecutor.invokeExecute(DriverCommandExecutor.java:216)
	at org.openqa.selenium.remote.service.DriverCommandExecutor.execute(DriverCommandExecutor.java:174)
	at org.openqa.selenium.remote.RemoteWebDriver.execute(RemoteWebDriver.java:518)
	at org.openqa.selenium.remote.ElementLocation$ElementFinder$2.findElement(ElementLocation.java:165)
	at org.openqa.selenium.remote.ElementLocation.findElement(ElementLocation.java:59)
	at org.openqa.selenium.remote.RemoteWebDriver.findElement(RemoteWebDriver.java:355)
	at org.openqa.selenium.remote.RemoteWebDriver.findElement(RemoteWebDriver.java:349)
	at pages.EmailSentPage.getConfirmationMessage(EmailSentPage.java:16)
	at forgotpassword.ForgotPasswordTests.testForgotPassword(ForgotPasswordTests.java:16)
	at java.base/java.util.ArrayList.forEach(ArrayList.java:1596)
... Removed 33 stack frames
</div> <!-- stack-trace -->
                </div> <!-- method-content -->
              </div> <!-- method -->
            </div> <!-- main-panel-content rounded-window-bottom -->
          </div> <!-- suite-Surefire_suite-class-failed -->
          <div class="suite-Surefire_suite-class-passed">
            <div class="main-panel-header rounded-window-top">
              <img src="passed.png"/>
              <span class="class-name">JavaScript.JavaScriptTests</span>
            </div> <!-- main-panel-header rounded-window-top -->
            <div class="main-panel-content rounded-window-bottom">
              <div class="method">
                <div class="method-content">
                  <a name="testParagraphScrolls">
                  </a> <!-- testParagraphScrolls -->
                  <span class="method-name">testParagraphScrolls</span>
                </div> <!-- method-content -->
              </div> <!-- method -->
              <div class="method">
                <div class="method-content">
                  <a name="testScrollToTable">
                  </a> <!-- testScrollToTable -->
                  <span class="method-name">testScrollToTable</span>
                </div> <!-- method-content -->
              </div> <!-- method -->
            </div> <!-- main-panel-content rounded-window-bottom -->
          </div> <!-- suite-Surefire_suite-class-passed -->
          <div class="suite-Surefire_suite-class-passed">
            <div class="main-panel-header rounded-window-top">
              <img src="passed.png"/>
              <span class="class-name">login.LoginTests</span>
            </div> <!-- main-panel-header rounded-window-top -->
            <div class="main-panel-content rounded-window-bottom">
              <div class="method">
                <div class="method-content">
                  <a name="testSuccessfulLogin">
                  </a> <!-- testSuccessfulLogin -->
                  <span class="method-name">testSuccessfulLogin</span>
                </div> <!-- method-content -->
              </div> <!-- method -->
            </div> <!-- main-panel-content rounded-window-bottom -->
          </div> <!-- suite-Surefire_suite-class-passed -->
          <div class="suite-Surefire_suite-class-passed">
            <div class="main-panel-header rounded-window-top">
              <img src="passed.png"/>
              <span class="class-name">Navigation.NavigationTests</span>
            </div> <!-- main-panel-header rounded-window-top -->
            <div class="main-panel-content rounded-window-bottom">
              <div class="method">
                <div class="method-content">
                  <a name="testBrowserNavigations">
                  </a> <!-- testBrowserNavigations -->
                  <span class="method-name">testBrowserNavigations</span>
                </div> <!-- method-content -->
              </div> <!-- method -->
              <div class="method">
                <div class="method-content">
                  <a name="testSwtichingWindows">
                  </a> <!-- testSwtichingWindows -->
                  <span class="method-name">testSwtichingWindows</span>
                </div> <!-- method-content -->
              </div> <!-- method -->
            </div> <!-- main-panel-content rounded-window-bottom -->
          </div> <!-- suite-Surefire_suite-class-passed -->
          <div class="suite-Surefire_suite-class-passed">
            <div class="main-panel-header rounded-window-top">
              <img src="passed.png"/>
              <span class="class-name">brokenImages.BrokenImagesTests</span>
            </div> <!-- main-panel-header rounded-window-top -->
            <div class="main-panel-content rounded-window-bottom">
              <div class="method">
                <div class="method-content">
                  <a name="testBrokenImagesPresent">
                  </a> <!-- testBrokenImagesPresent -->
                  <span class="method-name">testBrokenImagesPresent</span>
                </div> <!-- method-content -->
              </div> <!-- method -->
            </div> <!-- main-panel-content rounded-window-bottom -->
          </div> <!-- suite-Surefire_suite-class-passed -->
          <div class="suite-Surefire_suite-class-passed">
            <div class="main-panel-header rounded-window-top">
              <img src="passed.png"/>
              <span class="class-name">alerts.AletsTests</span>
            </div> <!-- main-panel-header rounded-window-top -->
            <div class="main-panel-content rounded-window-bottom">
              <div class="method">
                <div class="method-content">
                  <a name="testAcceptAlert">
                  </a> <!-- testAcceptAlert -->
                  <span class="method-name">testAcceptAlert</span>
                </div> <!-- method-content -->
              </div> <!-- method -->
              <div class="method">
                <div class="method-content">
                  <a name="testDismissAlert">
                  </a> <!-- testDismissAlert -->
                  <span class="method-name">testDismissAlert</span>
                </div> <!-- method-content -->
              </div> <!-- method -->
              <div class="method">
                <div class="method-content">
                  <a name="testEnterTextIntoAlert">
                  </a> <!-- testEnterTextIntoAlert -->
                  <span class="method-name">testEnterTextIntoAlert</span>
                </div> <!-- method-content -->
              </div> <!-- method -->
            </div> <!-- main-panel-content rounded-window-bottom -->
          </div> <!-- suite-Surefire_suite-class-passed -->
          <div class="suite-Surefire_suite-class-passed">
            <div class="main-panel-header rounded-window-top">
              <img src="passed.png"/>
              <span class="class-name">alerts.ContextMenuTests</span>
            </div> <!-- main-panel-header rounded-window-top -->
            <div class="main-panel-content rounded-window-bottom">
              <div class="method">
                <div class="method-content">
                  <a name="testContextMenuClick">
                  </a> <!-- testContextMenuClick -->
                  <span class="method-name">testContextMenuClick</span>
                </div> <!-- method-content -->
              </div> <!-- method -->
            </div> <!-- main-panel-content rounded-window-bottom -->
          </div> <!-- suite-Surefire_suite-class-passed -->
          <div class="suite-Surefire_suite-class-passed">
            <div class="main-panel-header rounded-window-top">
              <img src="passed.png"/>
              <span class="class-name">frames.NestedFramesTests</span>
            </div> <!-- main-panel-header rounded-window-top -->
            <div class="main-panel-content rounded-window-bottom">
              <div class="method">
                <div class="method-content">
                  <a name="testNestedFrames">
                  </a> <!-- testNestedFrames -->
                  <span class="method-name">testNestedFrames</span>
                </div> <!-- method-content -->
              </div> <!-- method -->
            </div> <!-- main-panel-content rounded-window-bottom -->
          </div> <!-- suite-Surefire_suite-class-passed -->
          <div class="suite-Surefire_suite-class-passed">
            <div class="main-panel-header rounded-window-top">
              <img src="passed.png"/>
              <span class="class-name">slider.SliderTests</span>
            </div> <!-- main-panel-header rounded-window-top -->
            <div class="main-panel-content rounded-window-bottom">
              <div class="method">
                <div class="method-content">
                  <a name="dragSliderToRight">
                  </a> <!-- dragSliderToRight -->
                  <span class="method-name">dragSliderToRight</span>
                </div> <!-- method-content -->
              </div> <!-- method -->
            </div> <!-- main-panel-content rounded-window-bottom -->
          </div> <!-- suite-Surefire_suite-class-passed -->
          <div class="suite-Surefire_suite-class-passed">
            <div class="main-panel-header rounded-window-top">
              <img src="passed.png"/>
              <span class="class-name">addremoveelement.AddRemoveElementTests</span>
            </div> <!-- main-panel-header rounded-window-top -->
            <div class="main-panel-content rounded-window-bottom">
              <div class="method">
                <div class="method-content">
                  <a name="testAddingRemovingElements">
                  </a> <!-- testAddingRemovingElements -->
                  <span class="method-name">testAddingRemovingElements</span>
                </div> <!-- method-content -->
              </div> <!-- method -->
            </div> <!-- main-panel-content rounded-window-bottom -->
          </div> <!-- suite-Surefire_suite-class-passed -->
          <div class="suite-Surefire_suite-class-passed">
            <div class="main-panel-header rounded-window-top">
              <img src="passed.png"/>
              <span class="class-name">DragAndDropElements.DragAndDropTests</span>
            </div> <!-- main-panel-header rounded-window-top -->
            <div class="main-panel-content rounded-window-bottom">
              <div class="method">
                <div class="method-content">
                  <a name="testDragAndDropOfElements">
                  </a> <!-- testDragAndDropOfElements -->
                  <span class="method-name">testDragAndDropOfElements</span>
                </div> <!-- method-content -->
              </div> <!-- method -->
            </div> <!-- main-panel-content rounded-window-bottom -->
          </div> <!-- suite-Surefire_suite-class-passed -->
          <div class="suite-Surefire_suite-class-passed">
            <div class="main-panel-header rounded-window-top">
              <img src="passed.png"/>
              <span class="class-name">keys.KeysTests</span>
            </div> <!-- main-panel-header rounded-window-top -->
            <div class="main-panel-content rounded-window-bottom">
              <div class="method">
                <div class="method-content">
                  <a name="testBackspace">
                  </a> <!-- testBackspace -->
                  <span class="method-name">testBackspace</span>
                </div> <!-- method-content -->
              </div> <!-- method -->
              <div class="method">
                <div class="method-content">
                  <a name="testPi">
                  </a> <!-- testPi -->
                  <span class="method-name">testPi</span>
                </div> <!-- method-content -->
              </div> <!-- method -->
            </div> <!-- main-panel-content rounded-window-bottom -->
          </div> <!-- suite-Surefire_suite-class-passed -->
          <div class="suite-Surefire_suite-class-passed">
            <div class="main-panel-header rounded-window-top">
              <img src="passed.png"/>
              <span class="class-name">hovers.HoversTests</span>
            </div> <!-- main-panel-header rounded-window-top -->
            <div class="main-panel-content rounded-window-bottom">
              <div class="method">
                <div class="method-content">
                  <a name="testHoverUser1">
                  </a> <!-- testHoverUser1 -->
                  <span class="method-name">testHoverUser1</span>
                </div> <!-- method-content -->
              </div> <!-- method -->
            </div> <!-- main-panel-content rounded-window-bottom -->
          </div> <!-- suite-Surefire_suite-class-passed -->
          <div class="suite-Surefire_suite-class-passed">
            <div class="main-panel-header rounded-window-top">
              <img src="passed.png"/>
              <span class="class-name">checkboxes.CheckboxesTests</span>
            </div> <!-- main-panel-header rounded-window-top -->
            <div class="main-panel-content rounded-window-bottom">
              <div class="method">
                <div class="method-content">
                  <a name="testClickingCheckboxes">
                  </a> <!-- testClickingCheckboxes -->
                  <span class="method-name">testClickingCheckboxes</span>
                </div> <!-- method-content -->
              </div> <!-- method -->
              <div class="method">
                <div class="method-content">
                  <a name="testCurrentCheckboxesState">
                  </a> <!-- testCurrentCheckboxesState -->
                  <span class="method-name">testCurrentCheckboxesState</span>
                </div> <!-- method-content -->
              </div> <!-- method -->
            </div> <!-- main-panel-content rounded-window-bottom -->
          </div> <!-- suite-Surefire_suite-class-passed -->
          <div class="suite-Surefire_suite-class-passed">
            <div class="main-panel-header rounded-window-top">
              <img src="passed.png"/>
              <span class="class-name">alerts.FileUploadTests</span>
            </div> <!-- main-panel-header rounded-window-top -->
            <div class="main-panel-content rounded-window-bottom">
              <div class="method">
                <div class="method-content">
                  <a name="testFileUpload">
                  </a> <!-- testFileUpload -->
                  <span class="method-name">testFileUpload</span>
                </div> <!-- method-content -->
              </div> <!-- method -->
            </div> <!-- main-panel-content rounded-window-bottom -->
          </div> <!-- suite-Surefire_suite-class-passed -->
          <div class="suite-Surefire_suite-class-passed">
            <div class="main-panel-header rounded-window-top">
              <img src="passed.png"/>
              <span class="class-name">wait.DynamicLoadingTests</span>
            </div> <!-- main-panel-header rounded-window-top -->
            <div class="main-panel-content rounded-window-bottom">
              <div class="method">
                <div class="method-content">
                  <a name="testDynamicLoadingOnceElementIsVisible">
                  </a> <!-- testDynamicLoadingOnceElementIsVisible -->
                  <span class="method-name">testDynamicLoadingOnceElementIsVisible</span>
                </div> <!-- method-content -->
              </div> <!-- method -->
              <div class="method">
                <div class="method-content">
                  <a name="testDynamicLoadingWait">
                  </a> <!-- testDynamicLoadingWait -->
                  <span class="method-name">testDynamicLoadingWait</span>
                </div> <!-- method-content -->
              </div> <!-- method -->
            </div> <!-- main-panel-content rounded-window-bottom -->
          </div> <!-- suite-Surefire_suite-class-passed -->
          <div class="suite-Surefire_suite-class-passed">
            <div class="main-panel-header rounded-window-top">
              <img src="passed.png"/>
              <span class="class-name">Navigation.WindowTests</span>
            </div> <!-- main-panel-header rounded-window-top -->
            <div class="main-panel-content rounded-window-bottom">
              <div class="method">
                <div class="method-content">
                  <a name="testWindowTabs">
                  </a> <!-- testWindowTabs -->
                  <span class="method-name">testWindowTabs</span>
                </div> <!-- method-content -->
              </div> <!-- method -->
            </div> <!-- main-panel-content rounded-window-bottom -->
          </div> <!-- suite-Surefire_suite-class-passed -->
          <div class="suite-Surefire_suite-class-passed">
            <div class="main-panel-header rounded-window-top">
              <img src="passed.png"/>
              <span class="class-name">dropdown.DropDownTests</span>
            </div> <!-- main-panel-header rounded-window-top -->
            <div class="main-panel-content rounded-window-bottom">
              <div class="method">
                <div class="method-content">
                  <a name="testMultipleSelectionFromDropDown">
                  </a> <!-- testMultipleSelectionFromDropDown -->
                  <span class="method-name">testMultipleSelectionFromDropDown</span>
                </div> <!-- method-content -->
              </div> <!-- method -->
              <div class="method">
                <div class="method-content">
                  <a name="testSelectOption">
                  </a> <!-- testSelectOption -->
                  <span class="method-name">testSelectOption</span>
                </div> <!-- method-content -->
              </div> <!-- method -->
            </div> <!-- main-panel-content rounded-window-bottom -->
          </div> <!-- suite-Surefire_suite-class-passed -->
        </div> <!-- panel Surefire_suite -->
        <div panel-name="test-xml-Surefire_suite" class="panel">
          <div class="main-panel-header rounded-window-top">
          </div> <!-- main-panel-header rounded-window-top -->
          <div class="main-panel-content rounded-window-bottom">
            <pre>
&lt;?xml version=&quot;1.0&quot; encoding=&quot;UTF-8&quot;?&gt;
&lt;!DOCTYPE suite SYSTEM &quot;https://testng.org/testng-1.0.dtd&quot;&gt;
&lt;suite name=&quot;Surefire suite&quot; verbose=&quot;0&quot;&gt;
  &lt;test thread-count=&quot;5&quot; name=&quot;Surefire test&quot; verbose=&quot;0&quot;&gt;
    &lt;classes&gt;
      &lt;class name=&quot;addremoveelement.AddRemoveElementTests&quot;/&gt;
      &lt;class name=&quot;alerts.AletsTests&quot;/&gt;
      &lt;class name=&quot;alerts.ContextMenuTests&quot;/&gt;
      &lt;class name=&quot;alerts.FileUploadTests&quot;/&gt;
      &lt;class name=&quot;base.baseTest&quot;/&gt;
      &lt;class name=&quot;brokenImages.BrokenImagesTests&quot;/&gt;
      &lt;class name=&quot;checkboxes.CheckboxesTests&quot;/&gt;
      &lt;class name=&quot;disappearingElements.DisappearingElementsTests&quot;/&gt;
      &lt;class name=&quot;DragAndDropElements.DragAndDropTests&quot;/&gt;
      &lt;class name=&quot;dropdown.DropDownTests&quot;/&gt;
      &lt;class name=&quot;forgotpassword.ForgotPasswordTests&quot;/&gt;
      &lt;class name=&quot;frames.FrameTests&quot;/&gt;
      &lt;class name=&quot;frames.NestedFramesTests&quot;/&gt;
      &lt;class name=&quot;hovers.HoversTests&quot;/&gt;
      &lt;class name=&quot;JavaScript.JavaScriptTests&quot;/&gt;
      &lt;class name=&quot;keys.KeysTests&quot;/&gt;
      &lt;class name=&quot;login.LoginTests&quot;/&gt;
      &lt;class name=&quot;Navigation.NavigationTests&quot;/&gt;
      &lt;class name=&quot;Navigation.WindowTests&quot;/&gt;
      &lt;class name=&quot;slider.SliderTests&quot;/&gt;
      &lt;class name=&quot;testrunner.TestRunner&quot;/&gt;
      &lt;class name=&quot;wait.DynamicLoadingTests&quot;/&gt;
    &lt;/classes&gt;
  &lt;/test&gt; &lt;!-- Surefire test --&gt;
&lt;/suite&gt; &lt;!-- Surefire suite --&gt;
            </pre>
          </div> <!-- main-panel-content rounded-window-bottom -->
        </div> <!-- panel -->
        <div panel-name="testlist-Surefire_suite" class="panel">
          <div class="main-panel-header rounded-window-top">
            <span class="header-content">Tests for Surefire suite</span>
          </div> <!-- main-panel-header rounded-window-top -->
          <div class="main-panel-content rounded-window-bottom">
            <ul>
              <li>
                <span class="test-name">Surefire test (22 classes)</span>
              </li>
            </ul>
          </div> <!-- main-panel-content rounded-window-bottom -->
        </div> <!-- panel -->
        <div panel-name="group-Surefire_suite" class="panel">
          <div class="main-panel-header rounded-window-top">
            <span class="header-content">Groups for Surefire suite</span>
          </div> <!-- main-panel-header rounded-window-top -->
          <div class="main-panel-content rounded-window-bottom">
          </div> <!-- main-panel-content rounded-window-bottom -->
        </div> <!-- panel -->
        <div panel-name="times-Surefire_suite" class="panel">
          <div class="main-panel-header rounded-window-top">
            <span class="header-content">Times for Surefire suite</span>
          </div> <!-- main-panel-header rounded-window-top -->
          <div class="main-panel-content rounded-window-bottom">
            <div class="times-div">
              <script type="text/javascript">
suiteTableInitFunctions.push('tableData_Surefire_suite');
function tableData_Surefire_suite() {
var data = new google.visualization.DataTable();
data.addColumn('number', 'Number');
data.addColumn('string', 'Method');
data.addColumn('string', 'Class');
data.addColumn('number', 'Time (ms)');
data.addRows(28);
data.setCell(0, 0, 0)
data.setCell(0, 1, 'testFileUpload')
data.setCell(0, 2, 'alerts.FileUploadTests')
data.setCell(0, 3, 68181);
data.setCell(1, 0, 1)
data.setCell(1, 1, 'testDisappearingAndReappearingElements')
data.setCell(1, 2, 'disappearingElements.DisappearingElementsTests')
data.setCell(1, 3, 11796);
data.setCell(2, 0, 2)
data.setCell(2, 1, 'testDynamicLoadingOnceElementIsVisible')
data.setCell(2, 2, 'wait.DynamicLoadingTests')
data.setCell(2, 3, 6710);
data.setCell(3, 0, 3)
data.setCell(3, 1, 'testDynamicLoadingWait')
data.setCell(3, 2, 'wait.DynamicLoadingTests')
data.setCell(3, 3, 6142);
data.setCell(4, 0, 4)
data.setCell(4, 1, 'testBrokenImagesPresent')
data.setCell(4, 2, 'brokenImages.BrokenImagesTests')
data.setCell(4, 3, 5815);
data.setCell(5, 0, 5)
data.setCell(5, 1, 'testBrowserNavigations')
data.setCell(5, 2, 'Navigation.NavigationTests')
data.setCell(5, 3, 3285);
data.setCell(6, 0, 6)
data.setCell(6, 1, 'testSwitchingToIFrame')
data.setCell(6, 2, 'frames.FrameTests')
data.setCell(6, 3, 2575);
data.setCell(7, 0, 7)
data.setCell(7, 1, 'testNestedFrames')
data.setCell(7, 2, 'frames.NestedFramesTests')
data.setCell(7, 3, 2111);
data.setCell(8, 0, 8)
data.setCell(8, 1, 'testSuccessfulLogin')
data.setCell(8, 2, 'login.LoginTests')
data.setCell(8, 3, 2024);
data.setCell(9, 0, 9)
data.setCell(9, 1, 'testParagraphScrolls')
data.setCell(9, 2, 'JavaScript.JavaScriptTests')
data.setCell(9, 3, 1986);
data.setCell(10, 0, 10)
data.setCell(10, 1, 'testForgotPassword')
data.setCell(10, 2, 'forgotpassword.ForgotPasswordTests')
data.setCell(10, 3, 1705);
data.setCell(11, 0, 11)
data.setCell(11, 1, 'testWindowTabs')
data.setCell(11, 2, 'Navigation.WindowTests')
data.setCell(11, 3, 1539);
data.setCell(12, 0, 12)
data.setCell(12, 1, 'dragSliderToRight')
data.setCell(12, 2, 'slider.SliderTests')
data.setCell(12, 3, 1158);
data.setCell(13, 0, 13)
data.setCell(13, 1, 'testDragAndDropOfElements')
data.setCell(13, 2, 'DragAndDropElements.DragAndDropTests')
data.setCell(13, 3, 1156);
data.setCell(14, 0, 14)
data.setCell(14, 1, 'testCurrentCheckboxesState')
data.setCell(14, 2, 'checkboxes.CheckboxesTests')
data.setCell(14, 3, 1046);
data.setCell(15, 0, 15)
data.setCell(15, 1, 'testSwtichingWindows')
data.setCell(15, 2, 'Navigation.NavigationTests')
data.setCell(15, 3, 953);
data.setCell(16, 0, 16)
data.setCell(16, 1, 'testHoverUser1')
data.setCell(16, 2, 'hovers.HoversTests')
data.setCell(16, 3, 936);
data.setCell(17, 0, 17)
data.setCell(17, 1, 'testMultipleSelectionFromDropDown')
data.setCell(17, 2, 'dropdown.DropDownTests')
data.setCell(17, 3, 832);
data.setCell(18, 0, 18)
data.setCell(18, 1, 'testScrollToTable')
data.setCell(18, 2, 'JavaScript.JavaScriptTests')
data.setCell(18, 3, 760);
data.setCell(19, 0, 19)
data.setCell(19, 1, 'testContextMenuClick')
data.setCell(19, 2, 'alerts.ContextMenuTests')
data.setCell(19, 3, 737);
data.setCell(20, 0, 20)
data.setCell(20, 1, 'testAddingRemovingElements')
data.setCell(20, 2, 'addremoveelement.AddRemoveElementTests')
data.setCell(20, 3, 668);
data.setCell(21, 0, 21)
data.setCell(21, 1, 'testSelectOption')
data.setCell(21, 2, 'dropdown.DropDownTests')
data.setCell(21, 3, 634);
data.setCell(22, 0, 22)
data.setCell(22, 1, 'testClickingCheckboxes')
data.setCell(22, 2, 'checkboxes.CheckboxesTests')
data.setCell(22, 3, 619);
data.setCell(23, 0, 23)
data.setCell(23, 1, 'testBackspace')
data.setCell(23, 2, 'keys.KeysTests')
data.setCell(23, 3, 618);
data.setCell(24, 0, 24)
data.setCell(24, 1, 'testEnterTextIntoAlert')
data.setCell(24, 2, 'alerts.AletsTests')
data.setCell(24, 3, 603);
data.setCell(25, 0, 25)
data.setCell(25, 1, 'testAcceptAlert')
data.setCell(25, 2, 'alerts.AletsTests')
data.setCell(25, 3, 591);
data.setCell(26, 0, 26)
data.setCell(26, 1, 'testDismissAlert')
data.setCell(26, 2, 'alerts.AletsTests')
data.setCell(26, 3, 545);
data.setCell(27, 0, 27)
data.setCell(27, 1, 'testPi')
data.setCell(27, 2, 'keys.KeysTests')
data.setCell(27, 3, 517);
window.suiteTableData['Surefire_suite']= { tableData: data, tableDiv: 'times-div-Surefire_suite'}
return data;
}
              </script>
              <span class="suite-total-time">Total running time: 2 minutes</span>
              <div id="times-div-Surefire_suite">
              </div> <!-- times-div-Surefire_suite -->
            </div> <!-- times-div -->
          </div> <!-- main-panel-content rounded-window-bottom -->
        </div> <!-- panel -->
        <div panel-name="reporter-Surefire_suite" class="panel">
          <div class="main-panel-header rounded-window-top">
            <span class="header-content">Reporter output for Surefire suite</span>
          </div> <!-- main-panel-header rounded-window-top -->
          <div class="main-panel-content rounded-window-bottom">
          </div> <!-- main-panel-content rounded-window-bottom -->
        </div> <!-- panel -->
        <div panel-name="ignored-methods-Surefire_suite" class="panel">
          <div class="main-panel-header rounded-window-top">
            <span class="header-content">0 ignored methods</span>
          </div> <!-- main-panel-header rounded-window-top -->
          <div class="main-panel-content rounded-window-bottom">
          </div> <!-- main-panel-content rounded-window-bottom -->
        </div> <!-- panel -->
        <div panel-name="chronological-Surefire_suite" class="panel">
          <div class="main-panel-header rounded-window-top">
            <span class="header-content">Methods in chronological order</span>
          </div> <!-- main-panel-header rounded-window-top -->
          <div class="main-panel-content rounded-window-bottom">
            <div class="chronological-class">
              <div class="chronological-class-name">addremoveelement.AddRemoveElementTests</div> <!-- chronological-class-name -->
              <div class="configuration-class before">
                <span class="method-name">setup</span>
                <span class="method-start">0 ms</span>
              </div> <!-- configuration-class before -->
              <div class="configuration-method before">
                <span class="method-name">goHome</span>
                <span class="method-start">5487 ms</span>
              </div> <!-- configuration-method before -->
              <div class="test-method">
                <span class="method-name">testAddingRemovingElements</span>
                <span class="method-start">5849 ms</span>
              </div> <!-- test-method -->
              <div class="configuration-method after">
                <span class="method-name">recordFailure([TestResult name=testAddingRemovingElements status=SUCCESS method=AddRemoveElementTests.testAddingRe...)</span>
                <span class="method-start">6519 ms</span>
              </div> <!-- configuration-method after -->
              <div class="configuration-class after">
                <span class="method-name">tearDown</span>
                <span class="method-start">6524 ms</span>
              </div> <!-- configuration-class after -->
            </div> <!-- chronological-class -->
            <div class="chronological-class">
              <div class="chronological-class-name">alerts.AletsTests</div> <!-- chronological-class-name -->
              <div class="configuration-class before">
                <span class="method-name">setup</span>
                <span class="method-start">6721 ms</span>
              </div> <!-- configuration-class before -->
              <div class="configuration-method before">
                <span class="method-name">goHome</span>
                <span class="method-start">11324 ms</span>
              </div> <!-- configuration-method before -->
              <div class="test-method">
                <span class="method-name">testAcceptAlert</span>
                <span class="method-start">11711 ms</span>
              </div> <!-- test-method -->
              <div class="configuration-method after">
                <span class="method-name">recordFailure([TestResult name=testAcceptAlert status=SUCCESS method=AletsTests.testAcceptAlert()[pri:0, instance:...)</span>
                <span class="method-start">12303 ms</span>
              </div> <!-- configuration-method after -->
              <div class="configuration-method before">
                <span class="method-name">goHome</span>
                <span class="method-start">12303 ms</span>
              </div> <!-- configuration-method before -->
              <div class="test-method">
                <span class="method-name">testDismissAlert</span>
                <span class="method-start">13244 ms</span>
              </div> <!-- test-method -->
              <div class="configuration-method after">
                <span class="method-name">recordFailure([TestResult name=testDismissAlert status=SUCCESS method=AletsTests.testDismissAlert()[pri:0, instanc...)</span>
                <span class="method-start">13790 ms</span>
              </div> <!-- configuration-method after -->
              <div class="configuration-method before">
                <span class="method-name">goHome</span>
                <span class="method-start">13792 ms</span>
              </div> <!-- configuration-method before -->
              <div class="test-method">
                <span class="method-name">testEnterTextIntoAlert</span>
                <span class="method-start">14179 ms</span>
              </div> <!-- test-method -->
              <div class="configuration-method after">
                <span class="method-name">recordFailure([TestResult name=testEnterTextIntoAlert status=SUCCESS method=AletsTests.testEnterTextIntoAlert()[pr...)</span>
                <span class="method-start">14782 ms</span>
              </div> <!-- configuration-method after -->
              <div class="configuration-class after">
                <span class="method-name">tearDown</span>
                <span class="method-start">14782 ms</span>
              </div> <!-- configuration-class after -->
            </div> <!-- chronological-class -->
            <div class="chronological-class">
              <div class="chronological-class-name">alerts.ContextMenuTests</div> <!-- chronological-class-name -->
              <div class="configuration-class before">
                <span class="method-name">setup</span>
                <span class="method-start">14980 ms</span>
              </div> <!-- configuration-class before -->
              <div class="configuration-method before">
                <span class="method-name">goHome</span>
                <span class="method-start">19487 ms</span>
              </div> <!-- configuration-method before -->
              <div class="test-method">
                <span class="method-name">testContextMenuClick</span>
                <span class="method-start">19843 ms</span>
              </div> <!-- test-method -->
              <div class="configuration-method after">
                <span class="method-name">recordFailure([TestResult name=testContextMenuClick status=SUCCESS method=ContextMenuTests.testContextMenuClick()[...)</span>
                <span class="method-start">20580 ms</span>
              </div> <!-- configuration-method after -->
              <div class="configuration-class after">
                <span class="method-name">tearDown</span>
                <span class="method-start">20581 ms</span>
              </div> <!-- configuration-class after -->
            </div> <!-- chronological-class -->
            <div class="chronological-class">
              <div class="chronological-class-name">alerts.FileUploadTests</div> <!-- chronological-class-name -->
              <div class="configuration-class before">
                <span class="method-name">setup</span>
                <span class="method-start">20778 ms</span>
              </div> <!-- configuration-class before -->
              <div class="configuration-method before">
                <span class="method-name">goHome</span>
                <span class="method-start">25196 ms</span>
              </div> <!-- configuration-method before -->
              <div class="test-method">
                <span class="method-name">testFileUpload</span>
                <span class="method-start">25544 ms</span>
              </div> <!-- test-method -->
              <div class="configuration-class after">
                <span class="method-name">tearDown</span>
                <span class="method-start">93726 ms</span>
              </div> <!-- configuration-class after -->
              <div class="configuration-method after">
                <span class="method-name">recordFailure([TestResult name=testFileUpload status=SUCCESS method=FileUploadTests.testFileUpload()[pri:0, instan...)</span>
                <span class="method-start">93726 ms</span>
              </div> <!-- configuration-method after -->
            </div> <!-- chronological-class -->
            <div class="chronological-class">
              <div class="chronological-class-name">brokenImages.BrokenImagesTests</div> <!-- chronological-class-name -->
              <div class="configuration-class before">
                <span class="method-name">setup</span>
                <span class="method-start">95130 ms</span>
              </div> <!-- configuration-class before -->
              <div class="configuration-method before">
                <span class="method-name">goHome</span>
                <span class="method-start">99531 ms</span>
              </div> <!-- configuration-method before -->
              <div class="test-method">
                <span class="method-name">testBrokenImagesPresent</span>
                <span class="method-start">99865 ms</span>
              </div> <!-- test-method -->
              <div class="configuration-method after">
                <span class="method-name">recordFailure([TestResult name=testBrokenImagesPresent status=SUCCESS method=BrokenImagesTests.testBrokenImagesPre...)</span>
                <span class="method-start">105683 ms</span>
              </div> <!-- configuration-method after -->
              <div class="configuration-class after">
                <span class="method-name">tearDown</span>
                <span class="method-start">105686 ms</span>
              </div> <!-- configuration-class after -->
            </div> <!-- chronological-class -->
            <div class="chronological-class">
              <div class="chronological-class-name">checkboxes.CheckboxesTests</div> <!-- chronological-class-name -->
              <div class="configuration-class before">
                <span class="method-name">setup</span>
                <span class="method-start">105921 ms</span>
              </div> <!-- configuration-class before -->
              <div class="configuration-method before">
                <span class="method-name">goHome</span>
                <span class="method-start">109903 ms</span>
              </div> <!-- configuration-method before -->
              <div class="test-method">
                <span class="method-name">testClickingCheckboxes</span>
                <span class="method-start">110259 ms</span>
              </div> <!-- test-method -->
              <div class="configuration-method after">
                <span class="method-name">recordFailure([TestResult name=testClickingCheckboxes status=SUCCESS method=CheckboxesTests.testClickingCheckboxes...)</span>
                <span class="method-start">110879 ms</span>
              </div> <!-- configuration-method after -->
              <div class="configuration-method before">
                <span class="method-name">goHome</span>
                <span class="method-start">110880 ms</span>
              </div> <!-- configuration-method before -->
              <div class="test-method">
                <span class="method-name">testCurrentCheckboxesState</span>
                <span class="method-start">111270 ms</span>
              </div> <!-- test-method -->
              <div class="configuration-method after">
                <span class="method-name">recordFailure([TestResult name=testCurrentCheckboxesState status=SUCCESS method=CheckboxesTests.testCurrentCheckbo...)</span>
                <span class="method-start">112316 ms</span>
              </div> <!-- configuration-method after -->
              <div class="configuration-class after">
                <span class="method-name">tearDown</span>
                <span class="method-start">112317 ms</span>
              </div> <!-- configuration-class after -->
            </div> <!-- chronological-class -->
            <div class="chronological-class">
              <div class="chronological-class-name">disappearingElements.DisappearingElementsTests</div> <!-- chronological-class-name -->
              <div class="configuration-class before">
                <span class="method-name">setup</span>
                <span class="method-start">112509 ms</span>
              </div> <!-- configuration-class before -->
              <div class="configuration-method before">
                <span class="method-name">goHome</span>
                <span class="method-start">116802 ms</span>
              </div> <!-- configuration-method before -->
              <div class="test-method">
                <img src="failed.png">
                </img>
                <span class="method-name">testDisappearingAndReappearingElements</span>
                <span class="method-start">117195 ms</span>
              </div> <!-- test-method -->
              <div class="configuration-method after">
                <span class="method-name">recordFailure([TestResult name=testDisappearingAndReappearingElements status=FAILURE method=DisappearingElementsTe...)</span>
                <span class="method-start">128997 ms</span>
              </div> <!-- configuration-method after -->
              <div class="configuration-class after">
                <span class="method-name">tearDown</span>
                <span class="method-start">129159 ms</span>
              </div> <!-- configuration-class after -->
            </div> <!-- chronological-class -->
            <div class="chronological-class">
              <div class="chronological-class-name">DragAndDropElements.DragAndDropTests</div> <!-- chronological-class-name -->
              <div class="configuration-class before">
                <span class="method-name">setup</span>
                <span class="method-start">130965 ms</span>
              </div> <!-- configuration-class before -->
              <div class="configuration-method before">
                <span class="method-name">goHome</span>
                <span class="method-start">135213 ms</span>
              </div> <!-- configuration-method before -->
              <div class="test-method">
                <span class="method-name">testDragAndDropOfElements</span>
                <span class="method-start">135571 ms</span>
              </div> <!-- test-method -->
              <div class="configuration-class after">
                <span class="method-name">tearDown</span>
                <span class="method-start">136727 ms</span>
              </div> <!-- configuration-class after -->
              <div class="configuration-method after">
                <span class="method-name">recordFailure([TestResult name=testDragAndDropOfElements status=SUCCESS method=DragAndDropTests.testDragAndDropOfE...)</span>
                <span class="method-start">136727 ms</span>
              </div> <!-- configuration-method after -->
            </div> <!-- chronological-class -->
            <div class="chronological-class">
              <div class="chronological-class-name">dropdown.DropDownTests</div> <!-- chronological-class-name -->
              <div class="configuration-class before">
                <span class="method-name">setup</span>
                <span class="method-start">136919 ms</span>
              </div> <!-- configuration-class before -->
              <div class="configuration-method before">
                <span class="method-name">goHome</span>
                <span class="method-start">141352 ms</span>
              </div> <!-- configuration-method before -->
              <div class="test-method">
                <span class="method-name">testMultipleSelectionFromDropDown</span>
                <span class="method-start">141697 ms</span>
              </div> <!-- test-method -->
              <div class="configuration-method after">
                <span class="method-name">recordFailure([TestResult name=testMultipleSelectionFromDropDown status=SUCCESS method=DropDownTests.testMultipleS...)</span>
                <span class="method-start">142529 ms</span>
              </div> <!-- configuration-method after -->
              <div class="configuration-method before">
                <span class="method-name">goHome</span>
                <span class="method-start">142530 ms</span>
              </div> <!-- configuration-method before -->
              <div class="test-method">
                <span class="method-name">testSelectOption</span>
                <span class="method-start">143508 ms</span>
              </div> <!-- test-method -->
              <div class="configuration-method after">
                <span class="method-name">recordFailure([TestResult name=testSelectOption status=SUCCESS method=DropDownTests.testSelectOption()[pri:0, inst...)</span>
                <span class="method-start">144142 ms</span>
              </div> <!-- configuration-method after -->
              <div class="configuration-class after">
                <span class="method-name">tearDown</span>
                <span class="method-start">144143 ms</span>
              </div> <!-- configuration-class after -->
            </div> <!-- chronological-class -->
            <div class="chronological-class">
              <div class="chronological-class-name">forgotpassword.ForgotPasswordTests</div> <!-- chronological-class-name -->
              <div class="configuration-class before">
                <span class="method-name">setup</span>
                <span class="method-start">144356 ms</span>
              </div> <!-- configuration-class before -->
              <div class="configuration-method before">
                <span class="method-name">goHome</span>
                <span class="method-start">148765 ms</span>
              </div> <!-- configuration-method before -->
              <div class="test-method">
                <img src="failed.png">
                </img>
                <span class="method-name">testForgotPassword</span>
                <span class="method-start">149101 ms</span>
              </div> <!-- test-method -->
              <div class="configuration-method after">
                <span class="method-name">recordFailure([TestResult name=testForgotPassword status=FAILURE method=ForgotPasswordTests.testForgotPassword()[p...)</span>
                <span class="method-start">150807 ms</span>
              </div> <!-- configuration-method after -->
              <div class="configuration-class after">
                <span class="method-name">tearDown</span>
                <span class="method-start">151035 ms</span>
              </div> <!-- configuration-class after -->
            </div> <!-- chronological-class -->
            <div class="chronological-class">
              <div class="chronological-class-name">frames.FrameTests</div> <!-- chronological-class-name -->
              <div class="configuration-class before">
                <span class="method-name">setup</span>
                <span class="method-start">151217 ms</span>
              </div> <!-- configuration-class before -->
              <div class="configuration-method before">
                <span class="method-name">goHome</span>
                <span class="method-start">155644 ms</span>
              </div> <!-- configuration-method before -->
              <div class="test-method">
                <img src="failed.png">
                </img>
                <span class="method-name">testSwitchingToIFrame</span>
                <span class="method-start">156033 ms</span>
              </div> <!-- test-method -->
              <div class="configuration-method after">
                <span class="method-name">recordFailure([TestResult name=testSwitchingToIFrame status=FAILURE method=FrameTests.testSwitchingToIFrame()[pri:...)</span>
                <span class="method-start">158609 ms</span>
              </div> <!-- configuration-method after -->
              <div class="configuration-class after">
                <span class="method-name">tearDown</span>
                <span class="method-start">158753 ms</span>
              </div> <!-- configuration-class after -->
            </div> <!-- chronological-class -->
            <div class="chronological-class">
              <div class="chronological-class-name">frames.NestedFramesTests</div> <!-- chronological-class-name -->
              <div class="configuration-class before">
                <span class="method-name">setup</span>
                <span class="method-start">158952 ms</span>
              </div> <!-- configuration-class before -->
              <div class="configuration-method before">
                <span class="method-name">goHome</span>
                <span class="method-start">163537 ms</span>
              </div> <!-- configuration-method before -->
              <div class="test-method">
                <span class="method-name">testNestedFrames</span>
                <span class="method-start">163876 ms</span>
              </div> <!-- test-method -->
              <div class="configuration-method after">
                <span class="method-name">recordFailure([TestResult name=testNestedFrames status=SUCCESS method=NestedFramesTests.testNestedFrames()[pri:0, ...)</span>
                <span class="method-start">165988 ms</span>
              </div> <!-- configuration-method after -->
              <div class="configuration-class after">
                <span class="method-name">tearDown</span>
                <span class="method-start">165988 ms</span>
              </div> <!-- configuration-class after -->
            </div> <!-- chronological-class -->
            <div class="chronological-class">
              <div class="chronological-class-name">hovers.HoversTests</div> <!-- chronological-class-name -->
              <div class="configuration-class before">
                <span class="method-name">setup</span>
                <span class="method-start">166163 ms</span>
              </div> <!-- configuration-class before -->
              <div class="configuration-method before">
                <span class="method-name">goHome</span>
                <span class="method-start">170588 ms</span>
              </div> <!-- configuration-method before -->
              <div class="test-method">
                <span class="method-name">testHoverUser1</span>
                <span class="method-start">170908 ms</span>
              </div> <!-- test-method -->
              <div class="configuration-method after">
                <span class="method-name">recordFailure([TestResult name=testHoverUser1 status=SUCCESS method=HoversTests.testHoverUser1()[pri:0, instance:h...)</span>
                <span class="method-start">171844 ms</span>
              </div> <!-- configuration-method after -->
              <div class="configuration-class after">
                <span class="method-name">tearDown</span>
                <span class="method-start">171845 ms</span>
              </div> <!-- configuration-class after -->
            </div> <!-- chronological-class -->
            <div class="chronological-class">
              <div class="chronological-class-name">JavaScript.JavaScriptTests</div> <!-- chronological-class-name -->
              <div class="configuration-class before">
                <span class="method-name">setup</span>
                <span class="method-start">172074 ms</span>
              </div> <!-- configuration-class before -->
              <div class="configuration-method before">
                <span class="method-name">goHome</span>
                <span class="method-start">176578 ms</span>
              </div> <!-- configuration-method before -->
              <div class="test-method">
                <span class="method-name">testParagraphScrolls</span>
                <span class="method-start">176978 ms</span>
              </div> <!-- test-method -->
              <div class="configuration-method after">
                <span class="method-name">recordFailure([TestResult name=testParagraphScrolls status=SUCCESS method=JavaScriptTests.testParagraphScrolls()[p...)</span>
                <span class="method-start">178964 ms</span>
              </div> <!-- configuration-method after -->
              <div class="configuration-method before">
                <span class="method-name">goHome</span>
                <span class="method-start">178965 ms</span>
              </div> <!-- configuration-method before -->
              <div class="test-method">
                <span class="method-name">testScrollToTable</span>
                <span class="method-start">179589 ms</span>
              </div> <!-- test-method -->
              <div class="configuration-method after">
                <span class="method-name">recordFailure([TestResult name=testScrollToTable status=SUCCESS method=JavaScriptTests.testScrollToTable()[pri:0, ...)</span>
                <span class="method-start">180349 ms</span>
              </div> <!-- configuration-method after -->
              <div class="configuration-class after">
                <span class="method-name">tearDown</span>
                <span class="method-start">180350 ms</span>
              </div> <!-- configuration-class after -->
            </div> <!-- chronological-class -->
            <div class="chronological-class">
              <div class="chronological-class-name">keys.KeysTests</div> <!-- chronological-class-name -->
              <div class="configuration-class before">
                <span class="method-name">setup</span>
                <span class="method-start">180547 ms</span>
              </div> <!-- configuration-class before -->
              <div class="configuration-method before">
                <span class="method-name">goHome</span>
                <span class="method-start">184841 ms</span>
              </div> <!-- configuration-method before -->
              <div class="test-method">
                <span class="method-name">testBackspace</span>
                <span class="method-start">185182 ms</span>
              </div> <!-- test-method -->
              <div class="configuration-method after">
                <span class="method-name">recordFailure([TestResult name=testBackspace status=SUCCESS method=KeysTests.testBackspace()[pri:0, instance:keys....)</span>
                <span class="method-start">185800 ms</span>
              </div> <!-- configuration-method after -->
              <div class="configuration-method before">
                <span class="method-name">goHome</span>
                <span class="method-start">185801 ms</span>
              </div> <!-- configuration-method before -->
              <div class="test-method">
                <span class="method-name">testPi</span>
                <span class="method-start">186151 ms</span>
              </div> <!-- test-method -->
              <div class="configuration-method after">
                <span class="method-name">recordFailure([TestResult name=testPi status=SUCCESS method=KeysTests.testPi()[pri:0, instance:keys.KeysTests@694a...)</span>
                <span class="method-start">186668 ms</span>
              </div> <!-- configuration-method after -->
              <div class="configuration-class after">
                <span class="method-name">tearDown</span>
                <span class="method-start">186669 ms</span>
              </div> <!-- configuration-class after -->
            </div> <!-- chronological-class -->
            <div class="chronological-class">
              <div class="chronological-class-name">login.LoginTests</div> <!-- chronological-class-name -->
              <div class="configuration-class before">
                <span class="method-name">setup</span>
                <span class="method-start">186863 ms</span>
              </div> <!-- configuration-class before -->
              <div class="configuration-method before">
                <span class="method-name">goHome</span>
                <span class="method-start">191214 ms</span>
              </div> <!-- configuration-method before -->
              <div class="test-method">
                <span class="method-name">testSuccessfulLogin</span>
                <span class="method-start">191562 ms</span>
              </div> <!-- test-method -->
              <div class="configuration-method after">
                <span class="method-name">recordFailure([TestResult name=testSuccessfulLogin status=SUCCESS method=LoginTests.testSuccessfulLogin()[pri:0, i...)</span>
                <span class="method-start">193586 ms</span>
              </div> <!-- configuration-method after -->
              <div class="configuration-class after">
                <span class="method-name">tearDown</span>
                <span class="method-start">193587 ms</span>
              </div> <!-- configuration-class after -->
            </div> <!-- chronological-class -->
            <div class="chronological-class">
              <div class="chronological-class-name">Navigation.NavigationTests</div> <!-- chronological-class-name -->
              <div class="configuration-class before">
                <span class="method-name">setup</span>
                <span class="method-start">193779 ms</span>
              </div> <!-- configuration-class before -->
              <div class="configuration-method before">
                <span class="method-name">goHome</span>
                <span class="method-start">198215 ms</span>
              </div> <!-- configuration-method before -->
              <div class="test-method">
                <span class="method-name">testBrowserNavigations</span>
                <span class="method-start">198552 ms</span>
              </div> <!-- test-method -->
              <div class="configuration-method after">
                <span class="method-name">recordFailure([TestResult name=testBrowserNavigations status=SUCCESS method=NavigationTests.testBrowserNavigations...)</span>
                <span class="method-start">201837 ms</span>
              </div> <!-- configuration-method after -->
              <div class="configuration-method before">
                <span class="method-name">goHome</span>
                <span class="method-start">201838 ms</span>
              </div> <!-- configuration-method before -->
              <div class="test-method">
                <span class="method-name">testSwtichingWindows</span>
                <span class="method-start">202275 ms</span>
              </div> <!-- test-method -->
              <div class="configuration-method after">
                <span class="method-name">recordFailure([TestResult name=testSwtichingWindows status=SUCCESS method=NavigationTests.testSwtichingWindows()[p...)</span>
                <span class="method-start">203229 ms</span>
              </div> <!-- configuration-method after -->
              <div class="configuration-class after">
                <span class="method-name">tearDown</span>
                <span class="method-start">203229 ms</span>
              </div> <!-- configuration-class after -->
            </div> <!-- chronological-class -->
            <div class="chronological-class">
              <div class="chronological-class-name">Navigation.WindowTests</div> <!-- chronological-class-name -->
              <div class="configuration-class before">
                <span class="method-name">setup</span>
                <span class="method-start">203474 ms</span>
              </div> <!-- configuration-class before -->
              <div class="configuration-method before">
                <span class="method-name">goHome</span>
                <span class="method-start">207885 ms</span>
              </div> <!-- configuration-method before -->
              <div class="test-method">
                <span class="method-name">testWindowTabs</span>
                <span class="method-start">208248 ms</span>
              </div> <!-- test-method -->
              <div class="configuration-method after">
                <span class="method-name">recordFailure([TestResult name=testWindowTabs status=SUCCESS method=WindowTests.testWindowTabs()[pri:0, instance:N...)</span>
                <span class="method-start">209787 ms</span>
              </div> <!-- configuration-method after -->
              <div class="configuration-class after">
                <span class="method-name">tearDown</span>
                <span class="method-start">209788 ms</span>
              </div> <!-- configuration-class after -->
            </div> <!-- chronological-class -->
            <div class="chronological-class">
              <div class="chronological-class-name">slider.SliderTests</div> <!-- chronological-class-name -->
              <div class="configuration-class before">
                <span class="method-name">setup</span>
                <span class="method-start">209975 ms</span>
              </div> <!-- configuration-class before -->
              <div class="configuration-method before">
                <span class="method-name">goHome</span>
                <span class="method-start">214360 ms</span>
              </div> <!-- configuration-method before -->
              <div class="test-method">
                <span class="method-name">dragSliderToRight</span>
                <span class="method-start">214729 ms</span>
              </div> <!-- test-method -->
              <div class="configuration-method after">
                <span class="method-name">recordFailure([TestResult name=dragSliderToRight status=SUCCESS method=SliderTests.dragSliderToRight()[pri:0, inst...)</span>
                <span class="method-start">215887 ms</span>
              </div> <!-- configuration-method after -->
              <div class="configuration-class after">
                <span class="method-name">tearDown</span>
                <span class="method-start">215888 ms</span>
              </div> <!-- configuration-class after -->
            </div> <!-- chronological-class -->
            <div class="chronological-class">
              <div class="chronological-class-name">wait.DynamicLoadingTests</div> <!-- chronological-class-name -->
              <div class="configuration-class before">
                <span class="method-name">setup</span>
                <span class="method-start">216076 ms</span>
              </div> <!-- configuration-class before -->
              <div class="configuration-method before">
                <span class="method-name">goHome</span>
                <span class="method-start">220622 ms</span>
              </div> <!-- configuration-method before -->
              <div class="test-method">
                <span class="method-name">testDynamicLoadingOnceElementIsVisible</span>
                <span class="method-start">220970 ms</span>
              </div> <!-- test-method -->
              <div class="configuration-method after">
                <span class="method-name">recordFailure([TestResult name=testDynamicLoadingOnceElementIsVisible status=SUCCESS method=DynamicLoadingTests.te...)</span>
                <span class="method-start">227680 ms</span>
              </div> <!-- configuration-method after -->
              <div class="configuration-method before">
                <span class="method-name">goHome</span>
                <span class="method-start">227681 ms</span>
              </div> <!-- configuration-method before -->
              <div class="test-method">
                <span class="method-name">testDynamicLoadingWait</span>
                <span class="method-start">228021 ms</span>
              </div> <!-- test-method -->
              <div class="configuration-method after">
                <span class="method-name">recordFailure([TestResult name=testDynamicLoadingWait status=SUCCESS method=DynamicLoadingTests.testDynamicLoading...)</span>
                <span class="method-start">234163 ms</span>
              </div> <!-- configuration-method after -->
              <div class="configuration-class after">
                <span class="method-name">tearDown</span>
                <span class="method-start">234164 ms</span>
              </div> <!-- configuration-class after -->
          </div> <!-- main-panel-content rounded-window-bottom -->
        </div> <!-- panel -->
      </div> <!-- main-panel-root -->
    </div> <!-- wrapper -->
  </body>
<script type="text/javascript" src="testng-reports2.js"></script>
</html>
